[2016/12/02 13:52:09] minidlna.c:1004: warn: Starting MiniDLNA version 1.1.2.
[2016/12/02 13:52:09] minidlna.c:354: warn: Creating new database at /home/weezy/Templates/dotfiles/.minidlna/files.db
[2016/12/02 13:52:09] minidlna.c:1043: warn: HTTP listening on port 8200
[2016/12/02 13:52:09] scanner.c:702: warn: Scanning /media/weezy/stuff/vid
[2016/12/02 13:52:21] scanner.c:789: warn: Scanning /media/weezy/stuff/vid finished (190 files)!
[2016/12/02 13:52:21] playlist.c:125: warn: Parsing playlists...
[2016/12/02 13:52:21] playlist.c:256: warn: Finished parsing playlists.
[2016/12/02 13:52:21] inotify.c:198: warn: WARNING: Inotify max_user_watches [8192] is low or close to the number of used watches [14] and I do not have permission to increase this limit.  Please do so manually by writing a higher value into /proc/sys/fs/inotify/max_user_watches.
[2016/12/02 22:37:05] minidlna.c:153: warn: received signal 15, good-bye
[2016/12/02 22:37:05] minidlna.c:171: warn: received signal 1, re-read
[2016/12/02 23:03:56] utils.c:292: warn: make_dir: cannot create directory '/run/minidlna'
[2016/12/02 23:03:56] minidlna.c:423: error: Unable to create pidfile directory: /run/minidlna/minidlna.pid
[2016/12/02 23:03:56] minidlna.c:1004: warn: Starting MiniDLNA version 1.1.2.
[2016/12/02 23:03:56] minidlna.c:354: warn: Creating new database at /home/weezy/Templates/dotfiles/.minidlna/files.db
[2016/12/02 23:03:56] minidlna.c:1043: warn: HTTP listening on port 8200
[2016/12/02 23:03:56] scanner.c:702: warn: Scanning /media/weezy/stuff/vid
[2016/12/02 23:04:29] scanner.c:789: warn: Scanning /media/weezy/stuff/vid finished (184 files)!
[2016/12/02 23:04:29] playlist.c:125: warn: Parsing playlists...
[2016/12/02 23:04:29] playlist.c:256: warn: Finished parsing playlists.
[2016/12/02 23:04:30] inotify.c:198: warn: WARNING: Inotify max_user_watches [8192] is low or close to the number of used watches [14] and I do not have permission to increase this limit.  Please do so manually by writing a higher value into /proc/sys/fs/inotify/max_user_watches.
[2016/12/03 08:54:46] minidlna.c:153: warn: received signal 15, good-bye
[2016/12/03 08:54:46] minidlna.c:171: warn: received signal 1, re-read
